AppView/AndroidPubSub/build/outputs/logs/manifest-merger-debug-report.txt
-- Merging decision tree log ---
manifest
ADDED from naury\AndroidPubSub\AndroidManifest.xml:2:1-22:12
INJECTED from naury\AndroidPubSub\AndroidManifest.xml:2:1-22:12
INJECTED from naury\AndroidPubSub\AndroidManifest.xml:2:1-22:12
MERGED from [com.amazonaws:aws-android-sdk-iot:2.16.3] AndroidManifest.xml:1:1-6:12
MERGED from [com.amazonaws:aws-android-sdk-mobile-client:2.16.3] AndroidManifest.xml:2:1-9:12
MERGED from [com.android.support.constraint:constraint-layout:2.0.0-beta3] AndroidManifest.xml:2:1-11:12
MERGED from [com.android.support:appcompat-v7:28.0.0] AndroidManifest.xml:17:1-22:12
MERGED from [com.android.support:support-fragment:28.0.0] AndroidManifest.xml:17:1-22:12
MERGED from [com.android.support:animated-vector-drawable:28.0.0] AndroidManifest.xml:17:1-22:12
MERGED from [com.android.support:support-core-ui:28.0.0] AndroidManifest.xml:17:1-22:12
MERGED from [com.android.support:support-core-utils:28.0.0] AndroidManifest.xml:17:1-22:12
MERGED from [com.android.support:support-vector-drawable:28.0.0] AndroidManifest.xml:17:1-22:12
MERGED from [com.android.support:loader:28.0.0] AndroidManifest.xml:17:1-22:12
MERGED from [com.android.support:viewpager:28.0.0] AndroidManifest.xml:17:1-22:12
MERGED from [com.android.support:coordinatorlayout:28.0.0] AndroidManifest.xml:17:1-22:12
MERGED from [com.android.support:drawerlayout:28.0.0] AndroidManifest.xml:17:1-22:12
MERGED from [com.android.support:slidingpanelayout:28.0.0] AndroidManifest.xml:17:1-22:12
MERGED from [com.android.support:customview:28.0.0] AndroidManifest.xml:17:1-22:12
MERGED from [com.android.support:swiperefreshlayout:28.0.0] AndroidManifest.xml:17:1-22:12
MERGED from [com.android.support:asynclayoutinflater:28.0.0] AndroidManifest.xml:17:1-22:12
MERGED from [com.android.support:support-compat:28.0.0] AndroidManifest.xml:17:1-24:12
MERGED from [com.amazonaws:aws-android-sdk-auth-core:2.16.3] AndroidManifest.xml:2:1-4:80
MERGED from [org.conscrypt:conscrypt-android:2.0.0] AndroidManifest.xml:2:1-13:12
MERGED from [com.android.support:versionedparcelable:28.0.0] AndroidManifest.xml:17:1-25:12
MERGED from [android.arch.lifecycle:runtime:1.1.1] AndroidManifest.xml:17:1-22:12
MERGED from [com.android.support:cursoradapter:28.0.0] AndroidManifest.xml:17:1-22:12
MERGED from [android.arch.lifecycle:livedata:1.1.1] AndroidManifest.xml:17:1-22:12
MERGED from [android.arch.lifecycle:livedata-core:1.1.1] AndroidManifest.xml:17:1-22:12
MERGED from [android.arch.core:runtime:1.1.1] AndroidManifest.xml:17:1-22:12
MERGED from [com.android.support:documentfile:28.0.0] AndroidManifest.xml:17:1-22:12
MERGED from [com.android.support:localbroadcastmanager:28.0.0] AndroidManifest.xml:17:1-22:12
MERGED from [com.android.support:print:28.0.0] AndroidManifest.xml:17:1-22:12
MERGED from [android.arch.lifecycle:viewmodel:1.1.1] AndroidManifest.xml:17:1-22:12
MERGED from [com.android.support:interpolator:28.0.0] AndroidManifest.xml:17:1-22:12
INJECTED from naury\AndroidPubSub\AndroidManifest.xml:2:1-22:12
INJECTED from naury\AndroidPubSub\AndroidManifest.xml:2:1-22:12
	package
		ADDED from naury\AndroidPubSub\AndroidManifest.xml:3:5-47
	android:versionName
		ADDED from naury\AndroidPubSub\AndroidManifest.xml:5:5-30
		INJECTED from naury\AndroidPubSub\AndroidManifest.xml
		INJECTED from naury\AndroidPubSub\AndroidManifest.xml
	xmlns:android
		ADDED from naury\AndroidPubSub\AndroidManifest.xml:2:11-69
	android:versionCode
		ADDED from naury\AndroidPubSub\AndroidManifest.xml:4:5-28
		INJECTED from naury\AndroidPubSub\AndroidManifest.xml
		INJECTED from naury\AndroidPubSub\AndroidManifest.xml
uses-permission#android.permission.INTERNET
ADDED from naury\AndroidPubSub\AndroidManifest.xml:7:5-67
MERGED from [com.amazonaws:aws-android-sdk-iot:2.16.3] AndroidManifest.xml:5:5-66
MERGED from [com.amazonaws:aws-android-sdk-iot:2.16.3] AndroidManifest.xml:5:5-66
MERGED from [com.amazonaws:aws-android-sdk-mobile-client:2.16.3] AndroidManifest.xml:6:5-66
MERGED from [com.amazonaws:aws-android-sdk-mobile-client:2.16.3] AndroidManifest.xml:6:5-66
	android:name
		ADDED from naury\AndroidPubSub\AndroidManifest.xml:7:22-64
application
ADDED from naury\AndroidPubSub\AndroidManifest.xml:9:5-20:19
MERGED from [com.android.support.constraint:constraint-layout:2.0.0-beta3] AndroidManifest.xml:9:5-20
MERGED from [com.android.support.constraint:constraint-layout:2.0.0-beta3] AndroidManifest.xml:9:5-20
MERGED from [com.android.support:support-compat:28.0.0] AndroidManifest.xml:22:5-94
MERGED from [com.android.support:support-compat:28.0.0] AndroidManifest.xml:22:5-94
MERGED from [org.conscrypt:conscrypt-android:2.0.0] AndroidManifest.xml:11:5-20
MERGED from [org.conscrypt:conscrypt-android:2.0.0] AndroidManifest.xml:11:5-20
MERGED from [com.android.support:versionedparcelable:28.0.0] AndroidManifest.xml:22:5-23:19
MERGED from [com.android.support:versionedparcelable:28.0.0] AndroidManifest.xml:22:5-23:19
	android:appComponentFactory
		ADDED from [com.android.support:support-compat:28.0.0] AndroidManifest.xml:22:18-91
	android:label
		ADDED from naury\AndroidPubSub\AndroidManifest.xml:12:9-41
	android:icon
		ADDED from naury\AndroidPubSub\AndroidManifest.xml:11:9-45
	android:allowBackup
		ADDED from naury\AndroidPubSub\AndroidManifest.xml:10:9-35
activity#com.amazonaws.demo.androidpubsub.PubSubActivity
ADDED from naury\AndroidPubSub\AndroidManifest.xml:13:9-19:20
	android:name
		ADDED from naury\AndroidPubSub\AndroidManifest.xml:13:19-49
intent-filter#action:name:android.intent.action.MAIN+category:name:android.intent.category.LAUNCHER
ADDED from naury\AndroidPubSub\AndroidManifest.xml:14:13-18:29
action#android.intent.action.MAIN
ADDED from naury\AndroidPubSub\AndroidManifest.xml:15:17-69
	android:name
		ADDED from naury\AndroidPubSub\AndroidManifest.xml:15:25-66
category#android.intent.category.LAUNCHER
ADDED from naury\AndroidPubSub\AndroidManifest.xml:17:17-77
	android:name
		ADDED from naury\AndroidPubSub\AndroidManifest.xml:17:27-74
uses-sdk
INJECTED from naury\AndroidPubSub\AndroidManifest.xml reason: use-sdk injection requested
INJECTED from naury\AndroidPubSub\AndroidManifest.xml
INJECTED from naury\AndroidPubSub\AndroidManifest.xml
MERGED from [com.amazonaws:aws-android-sdk-iot:2.16.3] AndroidManifest.xml:3:5-73
MERGED from [com.amazonaws:aws-android-sdk-iot:2.16.3] AndroidManifest.xml:3:5-73
MERGED from [com.amazonaws:aws-android-sdk-mobile-client:2.16.3] AndroidManifest.xml:4:5-73
MERGED from [com.amazonaws:aws-android-sdk-mobile-client:2.16.3] AndroidManifest.xml:4:5-73
MERGED from [com.android.support.constraint:constraint-layout:2.0.0-beta3] AndroidManifest.xml:5:5-7:41
MERGED from [com.android.support.constraint:constraint-layout:2.0.0-beta3] AndroidManifest.xml:5:5-7:41
MERGED from [com.android.support:appcompat-v7:28.0.0] AndroidManifest.xml:20:5-44
MERGED from [com.android.support:appcompat-v7:28.0.0] AndroidManifest.xml:20:5-44
MERGED from [com.android.support:support-fragment:28.0.0] AndroidManifest.xml:20:5-44
MERGED from [com.android.support:support-fragment:28.0.0] AndroidManifest.xml:20:5-44
MERGED from [com.android.support:animated-vector-drawable:28.0.0] AndroidManifest.xml:20:5-44
MERGED from [com.android.support:animated-vector-drawable:28.0.0] AndroidManifest.xml:20:5-44
MERGED from [com.android.support:support-core-ui:28.0.0] AndroidManifest.xml:20:5-44
MERGED from [com.android.support:support-core-ui:28.0.0] AndroidManifest.xml:20:5-44
MERGED from [com.android.support:support-core-utils:28.0.0] AndroidManifest.xml:20:5-44
MERGED from [com.android.support:support-core-utils:28.0.0] AndroidManifest.xml:20:5-44
MERGED from [com.android.support:support-vector-drawable:28.0.0] AndroidManifest.xml:20:5-44
MERGED from [com.android.support:support-vector-drawable:28.0.0] AndroidManifest.xml:20:5-44
MERGED from [com.android.support:loader:28.0.0] AndroidManifest.xml:20:5-44
MERGED from [com.android.support:loader:28.0.0] AndroidManifest.xml:20:5-44
MERGED from [com.android.support:viewpager:28.0.0] AndroidManifest.xml:20:5-44
MERGED from [com.android.support:viewpager:28.0.0] AndroidManifest.xml:20:5-44
MERGED from [com.android.support:coordinatorlayout:28.0.0] AndroidManifest.xml:20:5-44
MERGED from [com.android.support:coordinatorlayout:28.0.0] AndroidManifest.xml:20:5-44
MERGED from [com.android.support:drawerlayout:28.0.0] AndroidManifest.xml:20:5-44
MERGED from [com.android.support:drawerlayout:28.0.0] AndroidManifest.xml:20:5-44
MERGED from [com.android.support:slidingpanelayout:28.0.0] AndroidManifest.xml:20:5-44
MERGED from [com.android.support:slidingpanelayout:28.0.0] AndroidManifest.xml:20:5-44
MERGED from [com.android.support:customview:28.0.0] AndroidManifest.xml:20:5-44
MERGED from [com.android.support:customview:28.0.0] AndroidManifest.xml:20:5-44
MERGED from [com.android.support:swiperefreshlayout:28.0.0] AndroidManifest.xml:20:5-44
MERGED from [com.android.support:swiperefreshlayout:28.0.0] AndroidManifest.xml:20:5-44
MERGED from [com.android.support:asynclayoutinflater:28.0.0] AndroidManifest.xml:20:5-44
MERGED from [com.android.support:asynclayoutinflater:28.0.0] AndroidManifest.xml:20:5-44
MERGED from [com.android.support:support-compat:28.0.0] AndroidManifest.xml:20:5-44
MERGED from [com.android.support:support-compat:28.0.0] AndroidManifest.xml:20:5-44
MERGED from [com.amazonaws:aws-android-sdk-auth-core:2.16.3] AndroidManifest.xml:4:1-69
MERGED from [com.amazonaws:aws-android-sdk-auth-core:2.16.3] AndroidManifest.xml:4:1-69
MERGED from [org.conscrypt:conscrypt-android:2.0.0] AndroidManifest.xml:7:5-9:41
MERGED from [org.conscrypt:conscrypt-android:2.0.0] AndroidManifest.xml:7:5-9:41
MERGED from [com.android.support:versionedparcelable:28.0.0] AndroidManifest.xml:20:5-44
MERGED from [com.android.support:versionedparcelable:28.0.0] AndroidManifest.xml:20:5-44
MERGED from [android.arch.lifecycle:runtime:1.1.1] AndroidManifest.xml:20:5-44
MERGED from [android.arch.lifecycle:runtime:1.1.1] AndroidManifest.xml:20:5-44
MERGED from [com.android.support:cursoradapter:28.0.0] AndroidManifest.xml:20:5-44
MERGED from [com.android.support:cursoradapter:28.0.0] AndroidManifest.xml:20:5-44
MERGED from [android.arch.lifecycle:livedata:1.1.1] AndroidManifest.xml:20:5-44
MERGED from [android.arch.lifecycle:livedata:1.1.1] AndroidManifest.xml:20:5-44
MERGED from [android.arch.lifecycle:livedata-core:1.1.1] AndroidManifest.xml:20:5-44
MERGED from [android.arch.lifecycle:livedata-core:1.1.1] AndroidManifest.xml:20:5-44
MERGED from [android.arch.core:runtime:1.1.1] AndroidManifest.xml:20:5-44
MERGED from [android.arch.core:runtime:1.1.1] AndroidManifest.xml:20:5-44
MERGED from [com.android.support:documentfile:28.0.0] AndroidManifest.xml:20:5-44
MERGED from [com.android.support:documentfile:28.0.0] AndroidManifest.xml:20:5-44
MERGED from [com.android.support:localbroadcastmanager:28.0.0] AndroidManifest.xml:20:5-44
MERGED from [com.android.support:localbroadcastmanager:28.0.0] AndroidManifest.xml:20:5-44
MERGED from [com.android.support:print:28.0.0] AndroidManifest.xml:20:5-44
MERGED from [com.android.support:print:28.0.0] AndroidManifest.xml:20:5-44
MERGED from [android.arch.lifecycle:viewmodel:1.1.1] AndroidManifest.xml:20:5-44
MERGED from [android.arch.lifecycle:viewmodel:1.1.1] AndroidManifest.xml:20:5-44
MERGED from [com.android.support:interpolator:28.0.0] AndroidManifest.xml:20:5-44
MERGED from [com.android.support:interpolator:28.0.0] AndroidManifest.xml:20:5-44
INJECTED from naury\AndroidPubSub\AndroidManifest.xml
INJECTED from naury\AndroidPubSub\AndroidManifest.xml
	android:targetSdkVersion
		INJECTED from naury\AndroidPubSub\AndroidManifest.xml
		ADDED from naury\AndroidPubSub\AndroidManifest.xml
		INJECTED from naury\AndroidPubSub\AndroidManifest.xml
	android:minSdkVersion
		INJECTED from naury\AndroidPubSub\AndroidManifest.xml
		ADDED from naury\AndroidPubSub\AndroidManifest.xml
		INJECTED from naury\AndroidPubSub\AndroidManifest.xml
uses-permission#android.permission.ACCESS_NETWORK_STATE
ADDED from [com.amazonaws:aws-android-sdk-mobile-client:2.16.3] AndroidManifest.xml:7:5-78
	android:name
		ADDED from [com.amazonaws:aws-android-sdk-mobile-client:2.16.3] AndroidManifest.xml:7:22-76